<?xml version="1.0" encoding="UTF-8"?>
<!-- Generated by org.testng.reporters.JUnitReportReporter -->
<testsuite hostname="preetiacer" failures="0" tests="5" name="salesForce.LoginTest" time="34.181" errors="0" timestamp="2023-02-16T12:08:30 PST" skipped="0">
  <testcase classname="salesForce.LoginTest" name="loginErrorMessage1" time="2.632"/>
  <system-out/>
  <testcase classname="salesForce.LoginTest" name="loginToSalesForce2" time="6.359"/>
  <system-out/>
  <testcase classname="salesForce.LoginTest" name="checkRememberme3" time="20.113"/>
  <system-out/>
  <testcase classname="salesForce.LoginTest" name="forgotPassword4A" time="2.557"/>
  <system-out/>
  <testcase classname="salesForce.LoginTest" name="forgotPassword4B" time="2.520"/>
  <system-out/>
</testsuite> <!-- salesForce.LoginTest -->
