<?xml version="1.0" encoding="UTF-8"?>
<!-- Generated by org.testng.reporters.JUnitReportReporter -->
<testsuite hostname="preetiacer" failures="0" tests="1" name="salesForce.ApplicationTest" time="27.625" errors="0" timestamp="2023-02-17T16:48:44 PST" skipped="0">
  <testcase classname="salesForce.ApplicationTest" name="createAccountReport14" time="27.625"/>
  <system-out/>
</testsuite> <!-- salesForce.ApplicationTest -->
